  [1m[36m (1.1ms)[0m  [1mCREATE TABLE "schema_migrations" ("version" varchar NOT NULL) [0m
  [1m[35m (0.1ms)[0m  select sqlite_version(*)
  [1m[36m (0.8ms)[0m  [1mCREATE UNIQUE INDEX "unique_schema_migrations" ON "schema_migrations" ("version")[0m
  [1m[35mActiveRecord::SchemaMigration Load (0.1ms)[0m  SELECT "schema_migrations".* FROM "schema_migrations"
Migrating to CreateUsers (20170529044413)
  [1m[36m (0.1ms)[0m  [1mbegin transaction[0m
  [1m[35m (0.5ms)[0m  CREATE TABLE "users" ("id" INTEGER PRIMARY KEY AUTOINCREMENT NOT NULL, "name" varchar, "email" varchar, "paswword_digest" varchar, "admin" boolean DEFAULT 'f', "created_at" datetime NOT NULL, "updated_at" datetime NOT NULL) 
  [1m[36mSQL (0.2ms)[0m  [1mINSERT INTO "schema_migrations" ("version") VALUES (?)[0m  [["version", "20170529044413"]]
  [1m[35m (0.9ms)[0m  commit transaction
Migrating to CreateMovements (20170529044428)
  [1m[36m (0.1ms)[0m  [1mbegin transaction[0m
  [1m[35m (0.7ms)[0m  CREATE TABLE "movements" ("id" INTEGER PRIMARY KEY AUTOINCREMENT NOT NULL, "name" varchar, "date" datetime, "result" integer, "type" varchar, "pr" boolean DEFAULT 'f', "user_id" integer, "created_at" datetime NOT NULL, "updated_at" datetime NOT NULL) 
  [1m[36mSQL (0.2ms)[0m  [1mINSERT INTO "schema_migrations" ("version") VALUES (?)[0m  [["version", "20170529044428"]]
  [1m[35m (0.8ms)[0m  commit transaction
Migrating to CreateWods (20170529044438)
  [1m[36m (0.1ms)[0m  [1mbegin transaction[0m
  [1m[35m (0.4ms)[0m  CREATE TABLE "wods" ("id" INTEGER PRIMARY KEY AUTOINCREMENT NOT NULL, "name" varchar, "date" datetime, "type" integer, "result" integer, "pr" boolean DEFAULT 'f', "user_id" integer, "created_at" datetime NOT NULL, "updated_at" datetime NOT NULL) 
  [1m[36mSQL (0.1ms)[0m  [1mINSERT INTO "schema_migrations" ("version") VALUES (?)[0m  [["version", "20170529044438"]]
  [1m[35m (0.7ms)[0m  commit transaction
Migrating to CreateMoveWods (20170529044453)
  [1m[36m (0.1ms)[0m  [1mbegin transaction[0m
  [1m[35m (0.5ms)[0m  CREATE TABLE "move_wods" ("id" INTEGER PRIMARY KEY AUTOINCREMENT NOT NULL, "movement_id" integer, "wod_id" integer, "created_at" datetime NOT NULL, "updated_at" datetime NOT NULL) 
  [1m[36mSQL (0.2ms)[0m  [1mINSERT INTO "schema_migrations" ("version") VALUES (?)[0m  [["version", "20170529044453"]]
  [1m[35m (1.1ms)[0m  commit transaction
  [1m[36mActiveRecord::SchemaMigration Load (0.1ms)[0m  [1mSELECT "schema_migrations".* FROM "schema_migrations"[0m
  [1m[36m (1.5ms)[0m  [1mCREATE TABLE "schema_migrations" ("version" varchar NOT NULL) [0m
  [1m[35m (0.1ms)[0m  select sqlite_version(*)
  [1m[36m (0.8ms)[0m  [1mCREATE UNIQUE INDEX "unique_schema_migrations" ON "schema_migrations" ("version")[0m
  [1m[35mActiveRecord::SchemaMigration Load (0.1ms)[0m  SELECT "schema_migrations".* FROM "schema_migrations"
Migrating to CreateUsers (20170529044413)
  [1m[36m (0.1ms)[0m  [1mbegin transaction[0m
  [1m[35m (0.4ms)[0m  CREATE TABLE "users" ("id" INTEGER PRIMARY KEY AUTOINCREMENT NOT NULL, "name" varchar, "email" varchar, "password_digest" varchar, "admin" boolean DEFAULT 'f', "created_at" datetime NOT NULL, "updated_at" datetime NOT NULL) 
  [1m[36mSQL (0.2ms)[0m  [1mINSERT INTO "schema_migrations" ("version") VALUES (?)[0m  [["version", "20170529044413"]]
  [1m[35m (0.8ms)[0m  commit transaction
Migrating to CreateMovements (20170529044428)
  [1m[36m (0.1ms)[0m  [1mbegin transaction[0m
  [1m[35m (0.3ms)[0m  CREATE TABLE "movements" ("id" INTEGER PRIMARY KEY AUTOINCREMENT NOT NULL, "name" varchar, "date" datetime, "result" integer, "type" varchar, "pr" boolean DEFAULT 'f', "user_id" integer, "created_at" datetime NOT NULL, "updated_at" datetime NOT NULL) 
  [1m[36mSQL (0.1ms)[0m  [1mINSERT INTO "schema_migrations" ("version") VALUES (?)[0m  [["version", "20170529044428"]]
  [1m[35m (0.7ms)[0m  commit transaction
Migrating to CreateWods (20170529044438)
  [1m[36m (0.2ms)[0m  [1mbegin transaction[0m
  [1m[35m (0.4ms)[0m  CREATE TABLE "wods" ("id" INTEGER PRIMARY KEY AUTOINCREMENT NOT NULL, "name" varchar, "date" datetime, "type" integer, "result" integer, "pr" boolean DEFAULT 'f', "user_id" integer, "created_at" datetime NOT NULL, "updated_at" datetime NOT NULL) 
  [1m[36mSQL (0.1ms)[0m  [1mINSERT INTO "schema_migrations" ("version") VALUES (?)[0m  [["version", "20170529044438"]]
  [1m[35m (0.7ms)[0m  commit transaction
Migrating to CreateMoveWods (20170529044453)
  [1m[36m (0.1ms)[0m  [1mbegin transaction[0m
  [1m[35m (0.5ms)[0m  CREATE TABLE "move_wods" ("id" INTEGER PRIMARY KEY AUTOINCREMENT NOT NULL, "movement_id" integer, "wod_id" integer, "created_at" datetime NOT NULL, "updated_at" datetime NOT NULL) 
  [1m[36mSQL (0.1ms)[0m  [1mINSERT INTO "schema_migrations" ("version") VALUES (?)[0m  [["version", "20170529044453"]]
  [1m[35m (0.8ms)[0m  commit transaction
  [1m[36mActiveRecord::SchemaMigration Load (0.1ms)[0m  [1mSELECT "schema_migrations".* FROM "schema_migrations"[0m
  [1m[36m (0.1ms)[0m  [1mbegin transaction[0m
  [1m[35mUser Exists (0.2ms)[0m  SELECT  1 AS one FROM "users" WHERE "users"."name" = 'Anne' LIMIT 1
  [1m[36mUser Exists (0.1ms)[0m  [1mSELECT  1 AS one FROM "users" WHERE "users"."email" = 'anne@gmail.com' LIMIT 1[0m
  [1m[35mSQL (0.4ms)[0m  INSERT INTO "users" ("email", "name", "password_digest", "created_at", "updated_at") VALUES (?, ?, ?, ?, ?)  [["email", "anne@gmail.com"], ["name", "Anne"], ["password_digest", "$2a$10$TLzMJ1xasi2VuEBzfrXuJ.dMKHDs3C4jB3mT3qbJWaLUzNmjE5fs6"], ["created_at", "2017-05-29 23:46:19.848193"], ["updated_at", "2017-05-29 23:46:19.848193"]]
  [1m[36m (0.8ms)[0m  [1mcommit transaction[0m
  [1m[35m (0.1ms)[0m  begin transaction
  [1m[36mMovement Exists (0.2ms)[0m  [1mSELECT  1 AS one FROM "movements" WHERE "movements"."name" = 'deadlift' LIMIT 1[0m
  [1m[35m (0.1ms)[0m  rollback transaction
  [1m[36m (0.1ms)[0m  [1mbegin transaction[0m
  [1m[35mMovement Exists (0.2ms)[0m  SELECT  1 AS one FROM "movements" WHERE "movements"."name" = 'deadlift' LIMIT 1
  [1m[36mSQL (0.4ms)[0m  [1mINSERT INTO "movements" ("name", "type", "created_at", "updated_at") VALUES (?, ?, ?, ?)[0m  [["name", "deadlift"], ["type", "time"], ["created_at", "2017-05-29 23:52:55.925766"], ["updated_at", "2017-05-29 23:52:55.925766"]]
  [1m[35m (1.1ms)[0m  commit transaction
  [1m[36m (0.1ms)[0m  [1mbegin transaction[0m
  [1m[35mMovement Exists (0.2ms)[0m  SELECT  1 AS one FROM "movements" WHERE "movements"."name" = 'deadlift' LIMIT 1
  [1m[36m (0.1ms)[0m  [1mrollback transaction[0m
  [1m[35m (0.1ms)[0m  begin transaction
  [1m[36mMovement Exists (0.3ms)[0m  [1mSELECT  1 AS one FROM "movements" WHERE "movements"."name" = 'cleanjerk' LIMIT 1[0m
  [1m[35mSQL (0.4ms)[0m  INSERT INTO "movements" ("name", "type", "created_at", "updated_at") VALUES (?, ?, ?, ?)  [["name", "cleanjerk"], ["type", "weight"], ["created_at", "2017-05-29 23:54:05.485574"], ["updated_at", "2017-05-29 23:54:05.485574"]]
  [1m[36m (1.4ms)[0m  [1mcommit transaction[0m
  [1m[35m (0.1ms)[0m  begin transaction
  [1m[36mMovement Exists (0.2ms)[0m  [1mSELECT  1 AS one FROM "movements" WHERE "movements"."name" IS NULL LIMIT 1[0m
  [1m[35m (0.1ms)[0m  rollback transaction
  [1m[36m (0.1ms)[0m  [1mbegin transaction[0m
  [1m[35mMovement Exists (0.2ms)[0m  SELECT  1 AS one FROM "movements" WHERE "movements"."name" = 'pushjerk' LIMIT 1
  [1m[36mSQL (0.4ms)[0m  [1mINSERT INTO "movements" ("type", "name", "created_at", "updated_at") VALUES (?, ?, ?, ?)[0m  [["type", "weight"], ["name", "pushjerk"], ["created_at", "2017-05-29 23:54:47.752485"], ["updated_at", "2017-05-29 23:54:47.752485"]]
  [1m[35m (1.2ms)[0m  commit transaction
  [1m[36m (0.3ms)[0m  [1mbegin transaction[0m
  [1m[35mWod Exists (0.3ms)[0m  SELECT  1 AS one FROM "wods" WHERE "wods"."name" = 'helen' LIMIT 1
  [1m[36m (0.1ms)[0m  [1mrollback transaction[0m
  [1m[35m (0.1ms)[0m  begin transaction
  [1m[36mWod Exists (0.3ms)[0m  [1mSELECT  1 AS one FROM "wods" WHERE "wods"."name" = 'helen' LIMIT 1[0m
  [1m[35m (0.1ms)[0m  rollback transaction
  [1m[36m (0.1ms)[0m  [1mbegin transaction[0m
  [1m[35mWod Exists (0.3ms)[0m  SELECT  1 AS one FROM "wods" WHERE "wods"."name" = 'helen' LIMIT 1
  [1m[36m (0.1ms)[0m  [1mrollback transaction[0m
  [1m[35m (0.1ms)[0m  begin transaction
  [1m[36mWod Exists (0.3ms)[0m  [1mSELECT  1 AS one FROM "wods" WHERE "wods"."name" = 'helen' LIMIT 1[0m
  [1m[35m (0.1ms)[0m  rollback transaction
  [1m[36m (0.1ms)[0m  [1mbegin transaction[0m
  [1m[35mWod Exists (0.3ms)[0m  SELECT  1 AS one FROM "wods" WHERE "wods"."name" = 'helen' LIMIT 1
  [1m[36m (0.1ms)[0m  [1mrollback transaction[0m
  [1m[35m (0.1ms)[0m  begin transaction
  [1m[36mWod Exists (0.2ms)[0m  [1mSELECT  1 AS one FROM "wods" WHERE "wods"."name" = 'helen' LIMIT 1[0m
  [1m[35m (0.1ms)[0m  rollback transaction
  [1m[36m (0.1ms)[0m  [1mbegin transaction[0m
  [1m[35mWod Exists (0.2ms)[0m  SELECT  1 AS one FROM "wods" WHERE "wods"."name" = 'helen' LIMIT 1
  [1m[36m (0.1ms)[0m  [1mrollback transaction[0m
  [1m[36m (2.0ms)[0m  [1mCREATE TABLE "schema_migrations" ("version" varchar NOT NULL) [0m
  [1m[35m (0.1ms)[0m  select sqlite_version(*)
  [1m[36m (0.9ms)[0m  [1mCREATE UNIQUE INDEX "unique_schema_migrations" ON "schema_migrations" ("version")[0m
  [1m[35mActiveRecord::SchemaMigration Load (0.1ms)[0m  SELECT "schema_migrations".* FROM "schema_migrations"
Migrating to CreateUsers (20170529044413)
  [1m[36m (0.1ms)[0m  [1mbegin transaction[0m
  [1m[35m (0.4ms)[0m  CREATE TABLE "users" ("id" INTEGER PRIMARY KEY AUTOINCREMENT NOT NULL, "name" varchar, "email" varchar, "password_digest" varchar, "admin" boolean DEFAULT 'f', "created_at" datetime NOT NULL, "updated_at" datetime NOT NULL) 
  [1m[36mSQL (0.2ms)[0m  [1mINSERT INTO "schema_migrations" ("version") VALUES (?)[0m  [["version", "20170529044413"]]
  [1m[35m (0.8ms)[0m  commit transaction
Migrating to CreateMovements (20170529044428)
  [1m[36m (0.1ms)[0m  [1mbegin transaction[0m
  [1m[35m (0.3ms)[0m  CREATE TABLE "movements" ("id" INTEGER PRIMARY KEY AUTOINCREMENT NOT NULL, "name" varchar, "date" datetime, "result" integer, "type" varchar, "pr" boolean DEFAULT 'f', "user_id" integer, "created_at" datetime NOT NULL, "updated_at" datetime NOT NULL) 
  [1m[36mSQL (0.1ms)[0m  [1mINSERT INTO "schema_migrations" ("version") VALUES (?)[0m  [["version", "20170529044428"]]
  [1m[35m (0.7ms)[0m  commit transaction
Migrating to CreateWods (20170529044438)
  [1m[36m (0.1ms)[0m  [1mbegin transaction[0m
  [1m[35m (0.4ms)[0m  CREATE TABLE "wods" ("id" INTEGER PRIMARY KEY AUTOINCREMENT NOT NULL, "name" varchar, "date" datetime, "type" varchar, "result" integer, "pr" boolean DEFAULT 'f', "user_id" integer, "created_at" datetime NOT NULL, "updated_at" datetime NOT NULL) 
  [1m[36mSQL (0.1ms)[0m  [1mINSERT INTO "schema_migrations" ("version") VALUES (?)[0m  [["version", "20170529044438"]]
  [1m[35m (0.8ms)[0m  commit transaction
Migrating to CreateMoveWods (20170529044453)
  [1m[36m (0.1ms)[0m  [1mbegin transaction[0m
  [1m[35m (0.3ms)[0m  CREATE TABLE "move_wods" ("id" INTEGER PRIMARY KEY AUTOINCREMENT NOT NULL, "movement_id" integer, "wod_id" integer, "created_at" datetime NOT NULL, "updated_at" datetime NOT NULL) 
  [1m[36mSQL (0.1ms)[0m  [1mINSERT INTO "schema_migrations" ("version") VALUES (?)[0m  [["version", "20170529044453"]]
  [1m[35m (0.7ms)[0m  commit transaction
  [1m[36mActiveRecord::SchemaMigration Load (0.1ms)[0m  [1mSELECT "schema_migrations".* FROM "schema_migrations"[0m
  [1m[36m (0.1ms)[0m  [1mbegin transaction[0m
  [1m[35mWod Exists (0.2ms)[0m  SELECT  1 AS one FROM "wods" WHERE "wods"."name" = 'helen' LIMIT 1
  [1m[36m (0.1ms)[0m  [1mrollback transaction[0m
  [1m[35m (0.1ms)[0m  begin transaction
  [1m[36mWod Exists (0.3ms)[0m  [1mSELECT  1 AS one FROM "wods" WHERE "wods"."name" = 'helen' LIMIT 1[0m
  [1m[35mSQL (0.4ms)[0m  INSERT INTO "wods" ("name", "type", "created_at", "updated_at") VALUES (?, ?, ?, ?)  [["name", "helen"], ["type", "time"], ["created_at", "2017-05-30 00:18:42.842263"], ["updated_at", "2017-05-30 00:18:42.842263"]]
  [1m[36m (1.1ms)[0m  [1mcommit transaction[0m
  [1m[35m (0.2ms)[0m  begin transaction
  [1m[36mWod Exists (0.2ms)[0m  [1mSELECT  1 AS one FROM "wods" WHERE "wods"."name" = 'helen' LIMIT 1[0m
  [1m[35m (0.1ms)[0m  rollback transaction
  [1m[36m (0.3ms)[0m  [1mbegin transaction[0m
  [1m[35mWod Exists (0.2ms)[0m  SELECT  1 AS one FROM "wods" WHERE "wods"."name" = 'joe' LIMIT 1
  [1m[36mSQL (0.4ms)[0m  [1mINSERT INTO "wods" ("name", "type", "created_at", "updated_at") VALUES (?, ?, ?, ?)[0m  [["name", "joe"], ["type", "weight"], ["created_at", "2017-05-30 00:19:25.434535"], ["updated_at", "2017-05-30 00:19:25.434535"]]
  [1m[35m (1.1ms)[0m  commit transaction
  [1m[36m (0.1ms)[0m  [1mbegin transaction[0m
  [1m[35mWod Exists (0.2ms)[0m  SELECT  1 AS one FROM "wods" WHERE "wods"."name" IS NULL LIMIT 1
  [1m[36m (0.1ms)[0m  [1mrollback transaction[0m
  [1m[35m (0.1ms)[0m  begin transaction
  [1m[36mWod Exists (0.2ms)[0m  [1mSELECT  1 AS one FROM "wods" WHERE "wods"."name" = 'quinn' LIMIT 1[0m
  [1m[35mSQL (0.3ms)[0m  INSERT INTO "wods" ("type", "name", "created_at", "updated_at") VALUES (?, ?, ?, ?)  [["type", "repetitions"], ["name", "quinn"], ["created_at", "2017-05-30 00:19:58.553125"], ["updated_at", "2017-05-30 00:19:58.553125"]]
  [1m[36m (1.0ms)[0m  [1mcommit transaction[0m
